info:  YACHT_DEVICE: main data error => row = bla2
info:  YACHT_DEVICE: main data error => row = bla2
info:  YACHT_DEVICE: main data error => row = bla2
info:  YACHT_DEVICE: main data error => row = bla2
info:  YACHT_DEVICE: main data error => row = bla2
info:  YACHT_DEVICE: main data error => row = bla2
info:  YACHT_DEVICE: main data error => row = bla2
info:  skipped invalid: 06:27:16.092 T 18EAFF40 00 EE 00

info:  06:28:25.740 R 09FD0270 00 BE 00 12 9B FA FF FF
: 
info:  skipped invalid: 06:27:16.092 T 18EAFF40 00 EE 00

info:  06:28:25.740 R 09FD0270 00 BE 00 12 9B FA FF FF
: 
info:  Memcached: FetchAll give no result
info:  Memcached: FetchAll give no result
info:  Memcached: FetchAll give no result
info:  Memcached: FetchAll give no result
info:  Memcached: FetchAll give no result
info:  Memcached: FetchAll give no result
info:  Memcached: FetchAll give no result
info:  Memcached: FetchAll give no result
info:  Memcached: FetchAll give no result
info:  Memcached: FetchAll give no result
info:  Memcached: FetchAll give no result
info:  skipped invalid: 06:27:16.092 T 18EAFF40 00 EE 00

info:  06:28:25.740 R 09FD0270 00 BE 00 12 9B FA FF FF
: 
info:  pgnNumber not Exist in json: 65362
info:  is not BinaryString
info:  is not BinaryString
info:  is not BinaryString
info:  is not BinaryString
info:  pgnNumber not Exist in json: 65362
info:  pgnNumber not Exist in json: 65311
info:  is not BinaryString
info:  is not BinaryString
info:  is not BinaryString
info:  is not BinaryString
info:  is not BinaryString
info:  is not BinaryString
info:  is not BinaryString
info:  is not BinaryString####
info:  is not BinaryString
info:  pgnNumber not Exist in json: 65362
info:  pgnNumber not Exist in json: 65311
info:  pgnNumber not Exist in json: 65362
info:  pgnNumber not Exist in json: 65311
info:  pgnNumber not Exist in json: 65362
info:  pgnNumber not Exist in json: 65311
info:  pgnNumber not Exist in json: 65362
info:  pgnNumber not Exist in json: 65311
info:  pgnNumber not Exist in json: 65362
info:  pgnNumber not Exist in json: 65362
info:  pgnNumber not Exist in json: 65362
info:  pgnNumber not Exist in json: 65311
info:  pgnNumber not Exist in json: 65362
info:  pgnNumber not Exist in json: 65311
info:  pgnNumber not Exist in json: 65362
info:  pgnNumber not Exist in json: 65311
info:  pgnNumber not Exist in json: 65311
info:  pgnNumber not Exist in json: 65311
info:  pgnNumber not Exist in json: 65362
info:  pgnNumber not Exist in json: 65311
info:  pgnNumber not Exist in json: 65311
info:  pgnNumber not Exist in json: 65362
info:  pgnNumber not Exist in json: 65311
info:  pgnNumber not Exist in json: 65362
info:  pgnNumber not Exist in json: 65311
info:  pgnNumber not Exist in json: 65362
info:  pgnNumber not Exist in json: 65311
info:  pgnNumber not Exist in json: 65362
info:  pgnNumber not Exist in json: 65362
info:  pgnNumber not Exist in json: 65311
info:  skipped invalid: 06:27:16.092 T 18EAFF40 00 EE 00

info:  06:28:25.740 R 09FD0270 00 BE 00 12 9B FA FF FF
: 
