info:  Memcached: getAllKeys return no result
info:  Memcached: FetchAll give no result
info:  06:28:25.740 R 09FD0270 00 BE 00 12 9B FA FF FF

info:  pgnNumber not Exist in json: 65362
info:  Unknown or bad format (P6.4058343717581E+37D)
info:  Unknown or bad format (P6.4058343717581E+37D)
info:  Unknown or bad format (P6.4058343717581E+37D)
info:  Unknown or bad format (P6.4058343717581E+37D)
info:  Unknown or bad format (P6.4058343717581E+37D)
info:  Unknown or bad format (P6.4058343717581E+37D)
info:  Unknown or bad format (P5.3433443443334E+16D)
info:  pgnNumber not Exist in json: 65362
info:  pgnNumber not Exist in json: 65311
info:  pgnNumber not Exist in json: 65362
info:  pgnNumber not Exist in json: 65311
info:  pgnNumber not Exist in json: 65362
info:  pgnNumber not Exist in json: 65362
info:  06:28:25.740 R 09FD0270 00 BE 00 12 9B FA FF FF

info:  pgnNumber not Exist in json: 65362
info:  pgnNumber not Exist in json: 65362
info:  pgnNumber not Exist in json: 65362
info:  pgnNumber not Exist in json: 65311
info:  pgnNumber not Exist in json: 65311
info:  pgnNumber not Exist in json: 65362
info:  pgnNumber not Exist in json: 65362
info:  pgnNumber not Exist in json: 65311
info:  06:28:25.740 R 09FD0270 00 BE 00 12 9B FA FF FF

info:  06:28:25.740 R 09FD0270 00 BE 00 12 9B FA FF FF

info:  06:28:25.740 R 09FD0270 00 BE 00 12 9B FA FF FF

info:  06:28:25.740 R 09FD0270 00 BE 00 12 9B FA FF FF

info:  06:28:25.740 R 09FD0270 00 BE 00 12 9B FA FF FF

info:  pgnNumber not Exist in json: 65362
info:  pgnNumber not Exist in json: 65362
info:  pgnNumber not Exist in json: 65362
info:  pgnNumber not Exist in json: 65311
info:  pgnNumber not Exist in json: 65362
info:  pgnNumber not Exist in json: 65311
info:  pgnNumber not Exist in json: 65362
info:  pgnNumber not Exist in json: 65311
info:  pgnNumber not Exist in json: 65362
info:  pgnNumber not Exist in json: 65362
info:  pgnNumber not Exist in json: 65311
info:  pgnNumber not Exist in json: 65362
info:  pgnNumber not Exist in json: 65311
info:  pgnNumber not Exist in json: 65311
info:  pgnNumber not Exist in json: 65362
info:  pgnNumber not Exist in json: 65311
info:  pgnNumber not Exist in json: 65362
info:  pgnNumber not Exist in json: 65311
info:  pgnNumber not Exist in json: 65362
info:  pgnNumber not Exist in json: 65362
info:  pgnNumber not Exist in json: 65362
info:  pgnNumber not Exist in json: 65311
info:  pgnNumber not Exist in json: 65362
info:  pgnNumber not Exist in json: 65311
info:  pgnNumber not Exist in json: 65362
info:  pgnNumber not Exist in json: 65311
info:  pgnNumber not Exist in json: 65362
info:  pgnNumber not Exist in json: 65311
info:  pgnNumber not Exist in json: 65362
info:  pgnNumber not Exist in json: 65311
info:  pgnNumber not Exist in json: 65362
info:  pgnNumber not Exist in json: 65311
info:  pgnNumber not Exist in json: 65362
info:  pgnNumber not Exist in json: 65311
info:  pgnNumber not Exist in json: 65362
info:  pgnNumber not Exist in json: 65311
info:  pgnNumber not Exist in json: 65362
info:  pgnNumber not Exist in json: 65311
info:  pgnNumber not Exist in json: 65311
info:  pgnNumber not Exist in json: 65311
info:  pgnNumber not Exist in json: 65362
info:  pgnNumber not Exist in json: 65362
info:  pgnNumber not Exist in json: 65311
info:  pgnNumber not Exist in json: 65362
info:  pgnNumber not Exist in json: 65311
info:  pgnNumber not Exist in json: 65311
info:  pgnNumber not Exist in json: 65311
info:  pgnNumber not Exist in json: 65362
info:  pgnNumber not Exist in json: 65362
info:  pgnNumber not Exist in json: 65311
info:  pgnNumber not Exist in json: 65311
info:  pgnNumber not Exist in json: 65362
info:  pgnNumber not Exist in json: 65311
info:  pgnNumber not Exist in json: 65362
info:  pgnNumber not Exist in json: 65311
info:  pgnNumber not Exist in json: 65362
info:  pgnNumber not Exist in json: 65362
info:  pgnNumber not Exist in json: 65362
info:  pgnNumber not Exist in json: 65362
info:  pgnNumber not Exist in json: 65311
info:  pgnNumber not Exist in json: 65311
info:  pgnNumber not Exist in json: 65362
info:  pgnNumber not Exist in json: 65311
info:  pgnNumber not Exist in json: 65362
info:  pgnNumber not Exist in json: 65311
info:  pgnNumber not Exist in json: 65362
info:  pgnNumber not Exist in json: 65311
info:  pgnNumber not Exist in json: 65362
info:  pgnNumber not Exist in json: 65362
info:  pgnNumber not Exist in json: 65362
info:  pgnNumber not Exist in json: 65311
info:  pgnNumber not Exist in json: 65311
info:  pgnNumber not Exist in json: 65362
info:  pgnNumber not Exist in json: 65311
info:  pgnNumber not Exist in json: 65362
info:  pgnNumber not Exist in json: 65311
info:  pgnNumber not Exist in json: 65362
info:  pgnNumber not Exist in json: 65362
info:  pgnNumber not Exist in json: 65311
info:  pgnNumber not Exist in json: 65311
